
Due to MODULEPATH changes, the following have been reloaded:
  1) libfabric/1.10.1     2) openmpi/4.0.3     3) ucx/1.8.0

Extract Features
Received Pretrained model..
vid num: 1

Generating for augmented_data/anomaly/SuspiciousRun6_bright3.mp4
Preprocessing done..
batchsize 20
Obtained features of size:  (22, 10, 2048)
done in 23.420883417129517.
vid num: 2

Generating for augmented_data/anomaly/Armed6_bright1.mp4
Preprocessing done..
batchsize 20
Obtained features of size:  (25, 10, 2048)
done in 24.096599578857422.
vid num: 3

Generating for augmented_data/anomaly/StayLong2_bright1.mp4
Preprocessing done..
batchsize 20
Obtained features of size:  (30, 10, 2048)
done in 27.47611665725708.
vid num: 4

Generating for augmented_data/anomaly/SuspiciousRun2_flip_v.mp4
Preprocessing done..
batchsize 20
Obtained features of size:  (13, 10, 2048)
done in 12.3336763381958.
vid num: 5

Generating for augmented_data/anomaly/SuspiciousRun2_bright2.mp4
Preprocessing done..
batchsize 20
Obtained features of size:  (13, 10, 2048)
done in 13.292607545852661.
vid num: 6

Generating for augmented_data/anomaly/StayLong3_flip_v.mp4
Preprocessing done..
batchsize 20
Obtained features of size:  (25, 10, 2048)
done in 23.782896041870117.
vid num: 7

Generating for augmented_data/anomaly/Sneak1_bright1.mp4
Preprocessing done..
batchsize 20
Obtained features of size:  (15, 10, 2048)
done in 14.238933086395264.
vid num: 8

Generating for augmented_data/anomaly/Armed4_flip_h.mp4
Preprocessing done..
batchsize 20
Obtained features of size:  (21, 10, 2048)
done in 20.51237416267395.
vid num: 9

Generating for augmented_data/anomaly/PackageTheft5_flip_h.mp4
Preprocessing done..
batchsize 20
Obtained features of size:  (19, 10, 2048)
done in 16.146199941635132.
vid num: 10

Generating for augmented_data/anomaly/StayLong1_bright2.mp4
Preprocessing done..
batchsize 20
Obtained features of size:  (28, 10, 2048)
done in 27.701233625411987.
vid num: 11

Generating for augmented_data/anomaly/Armed5_bright2.mp4
Preprocessing done..
batchsize 20
Obtained features of size:  (30, 10, 2048)
done in 25.317487478256226.
vid num: 12

Generating for augmented_data/anomaly/Sneak4_flip_h.mp4
Preprocessing done..
batchsize 20
Obtained features of size:  (18, 10, 2048)
done in 16.606905698776245.
vid num: 13

Generating for augmented_data/anomaly/PackageTheft4_bright3.mp4
Preprocessing done..
batchsize 20
Obtained features of size:  (16, 10, 2048)
done in 16.181381702423096.
vid num: 14

Generating for augmented_data/anomaly/StayLong5_bright3.mp4
Preprocessing done..
batchsize 20
Obtained features of size:  (30, 10, 2048)
done in 24.559317111968994.
vid num: 15

Generating for augmented_data/anomaly/Armed1_bright3.mp4
Preprocessing done..
batchsize 20
Obtained features of size:  (22, 10, 2048)
done in 21.450457096099854.
vid num: 16

Generating for augmented_data/anomaly/PackageTheft1_flip_v.mp4
Preprocessing done..
batchsize 20
Obtained features of size:  (28, 10, 2048)
done in 26.226272344589233.
vid num: 17

Generating for augmented_data/anomaly/PackageTheft1_bright1.mp4
Preprocessing done..
batchsize 20
Obtained features of size:  (28, 10, 2048)
done in 25.71914005279541.
vid num: 18

Generating for augmented_data/anomaly/Armed3_flip_h.mp4
Preprocessing done..
batchsize 20
Obtained features of size:  (30, 10, 2048)
done in 27.92403244972229.
vid num: 19

Generating for augmented_data/anomaly/StayLong4_flip_v.mp4
Preprocessing done..
batchsize 20
Obtained features of size:  (25, 10, 2048)
done in 20.129166841506958.
vid num: 20

Generating for augmented_data/anomaly/Sneak3_flip_h.mp4
Preprocessing done..
batchsize 20
Obtained features of size:  (21, 10, 2048)
done in 19.756511926651.
vid num: 21

Generating for augmented_data/anomaly/Sneak4_bright3.mp4
Preprocessing done..
batchsize 20
Obtained features of size:  (18, 10, 2048)
done in 18.12648057937622.
vid num: 22

Generating for augmented_data/anomaly/PackageTheft2_flip_h.mp4
Preprocessing done..
batchsize 20
Obtained features of size:  (22, 10, 2048)
done in 18.43329119682312.
vid num: 23

Generating for augmented_data/anomaly/SuspiciousRun4_bright3.mp4
Preprocessing done..
batchsize 20
Obtained features of size:  (25, 10, 2048)
done in 24.722522258758545.
vid num: 24

Generating for augmented_data/anomaly/Armed4_bright1.mp4
Preprocessing done..
batchsize 20
Obtained features of size:  (21, 10, 2048)
done in 18.994359731674194.
vid num: 25

Generating for augmented_data/anomaly/Armed3_bright3.mp4
Preprocessing done..
batchsize 20
Obtained features of size:  (30, 10, 2048)
done in 29.514963150024414.
vid num: 26

Generating for augmented_data/anomaly/PackageTheft2_bright2.mp4
Preprocessing done..
batchsize 20
Obtained features of size:  (22, 10, 2048)
done in 20.286566972732544.
vid num: 27

Generating for augmented_data/anomaly/SuspiciousRun3_bright1.mp4
Preprocessing done..
batchsize 20
Obtained features of size:  (10, 10, 2048)
done in 9.621477127075195.
vid num: 28

Generating for augmented_data/anomaly/SuspiciousRun5_flip_v.mp4
Preprocessing done..
batchsize 20
Obtained features of size:  (28, 10, 2048)
done in 24.912424325942993.
vid num: 29

Generating for augmented_data/anomaly/Sneak3_bright1.mp4
Preprocessing done..
batchsize 20
Obtained features of size:  (21, 10, 2048)
done in 19.381327629089355.
vid num: 30

Generating for augmented_data/anomaly/StayLong3_bright2.mp4
Preprocessing done..
batchsize 20
Obtained features of size:  (25, 10, 2048)
done in 24.598225831985474.
vid num: 31

Generating for augmented_data/anomaly/SuspiciousRun6_flip_h.mp4
Preprocessing done..
batchsize 20
Obtained features of size:  (22, 10, 2048)
done in 18.198566675186157.
vid num: 32

Generating for augmented_data/anomaly/Sneak5_bright1.mp4
Preprocessing done..
batchsize 20
Obtained features of size:  (10, 10, 2048)
done in 9.841063022613525.
vid num: 33

Generating for augmented_data/anomaly/Armed1_bright2.mp4
Preprocessing done..
batchsize 20
Obtained features of size:  (22, 10, 2048)
done in 20.341910123825073.
vid num: 34

Generating for augmented_data/anomaly/StayLong5_bright2.mp4
Preprocessing done..
batchsize 20
Obtained features of size:  (30, 10, 2048)
done in 25.858825206756592.
vid num: 35

Generating for augmented_data/anomaly/SuspiciousRun3_flip_h.mp4
Preprocessing done..
batchsize 20
Obtained features of size:  (10, 10, 2048)
done in 9.517582654953003.
vid num: 36

Generating for augmented_data/anomaly/Armed5_bright3.mp4
Preprocessing done..
batchsize 20
Obtained features of size:  (30, 10, 2048)
done in 24.90060067176819.
vid num: 37

Generating for augmented_data/anomaly/StayLong1_bright3.mp4
Preprocessing done..
batchsize 20
Obtained features of size:  (28, 10, 2048)
done in 27.270427227020264.
vid num: 38

Generating for augmented_data/anomaly/PackageTheft4_bright2.mp4
Preprocessing done..
batchsize 20
Obtained features of size:  (16, 10, 2048)
done in 15.929036140441895.
vid num: 39

Generating for augmented_data/anomaly/SuspiciousRun5_bright1.mp4
Preprocessing done..
batchsize 20
Obtained features of size:  (28, 10, 2048)
done in 25.999752521514893.
vid num: 40

Generating for augmented_data/anomaly/SuspiciousRun2_bright3.mp4
Preprocessing done..
batchsize 20
Obtained features of size:  (13, 10, 2048)
done in 13.325612783432007.
vid num: 41

Generating for augmented_data/anomaly/PackageTheft4_flip_v.mp4
Preprocessing done..
batchsize 20
Obtained features of size:  (16, 10, 2048)
done in 15.869607925415039.
vid num: 42

Generating for augmented_data/anomaly/Armed6_flip_h.mp4
Preprocessing done..
batchsize 20
Obtained features of size:  (25, 10, 2048)
done in 22.879667043685913.
vid num: 43

Generating for augmented_data/anomaly/Sneak5_flip_v.mp4
Preprocessing done..
batchsize 20
Obtained features of size:  (10, 10, 2048)
done in 9.320966005325317.
vid num: 44

Generating for augmented_data/anomaly/StayLong1_flip_v.mp4
Preprocessing done..
batchsize 20
Obtained features of size:  (28, 10, 2048)
done in 25.471407651901245.
vid num: 45

Generating for augmented_data/anomaly/PackageTheft7_bright1.mp4
Preprocessing done..
batchsize 20
Obtained features of size:  (20, 10, 2048)
done in 17.89906644821167.
vid num: 46

Generating for augmented_data/anomaly/StayLong2_flip_h.mp4
Preprocessing done..
batchsize 20
Obtained features of size:  (30, 10, 2048)
done in 27.346834897994995.
vid num: 47

Generating for augmented_data/anomaly/SuspiciousRun6_bright2.mp4
Preprocessing done..
batchsize 20
Obtained features of size:  (22, 10, 2048)
done in 18.686922788619995.
vid num: 48

Generating for augmented_data/anomaly/Armed5_flip_v.mp4
Preprocessing done..
batchsize 20
Obtained features of size:  (30, 10, 2048)
done in 23.395883798599243.
vid num: 49

Generating for augmented_data/anomaly/PackageTheft7_flip_h.mp4
Preprocessing done..
batchsize 20
Obtained features of size:  (20, 10, 2048)
done in 18.04059624671936.
vid num: 50

Generating for augmented_data/anomaly/StayLong3_bright3.mp4
Preprocessing done..
batchsize 20
Obtained features of size:  (25, 10, 2048)
done in 24.576238870620728.
vid num: 51

Generating for augmented_data/anomaly/theft1_bright1.mp4
Preprocessing done..
batchsize 20
Obtained features of size:  (32, 10, 2048)
done in 29.562060594558716.
vid num: 52

Generating for augmented_data/anomaly/Armed1_flip_h.mp4
Preprocessing done..
batchsize 20
Obtained features of size:  (22, 10, 2048)
done in 18.19463014602661.
vid num: 53

Generating for augmented_data/anomaly/Armed3_bright2.mp4
Preprocessing done..
batchsize 20
Obtained features of size:  (30, 10, 2048)
done in 28.8669273853302.
vid num: 54

Generating for augmented_data/anomaly/PackageTheft2_bright3.mp4
Preprocessing done..
batchsize 20
Obtained features of size:  (22, 10, 2048)
done in 20.947438716888428.
vid num: 55

Generating for augmented_data/anomaly/Sneak1_flip_h.mp4
Preprocessing done..
batchsize 20
Obtained features of size:  (15, 10, 2048)
done in 14.52648401260376.
vid num: 56

Generating for augmented_data/anomaly/StayLong5_flip_h.mp4
Preprocessing done..
batchsize 20
Obtained features of size:  (30, 10, 2048)
done in 22.731595039367676.
vid num: 57

Generating for augmented_data/anomaly/PackageTheft5_bright1.mp4
Preprocessing done..
batchsize 20
Obtained features of size:  (19, 10, 2048)
done in 16.079100608825684.
vid num: 58

Generating for augmented_data/anomaly/theft1_flip_h.mp4
Preprocessing done..
batchsize 20
Obtained features of size:  (32, 10, 2048)
done in 28.905832529067993.
vid num: 59

Generating for augmented_data/anomaly/SuspiciousRun4_flip_h.mp4
Preprocessing done..
batchsize 20
Obtained features of size:  (25, 10, 2048)
done in 23.193285703659058.
vid num: 60

Generating for augmented_data/anomaly/SuspiciousRun4_bright2.mp4
Preprocessing done..
batchsize 20
Obtained features of size:  (25, 10, 2048)
done in 24.12062406539917.
vid num: 61

Generating for augmented_data/anomaly/Sneak4_bright2.mp4
Preprocessing done..
batchsize 20
Obtained features of size:  (18, 10, 2048)
done in 17.950143575668335.
vid num: 62

Generating for augmented_data/anomaly/StayLong4_bright1.mp4
Preprocessing done..
batchsize 20
Obtained features of size:  (25, 10, 2048)
done in 19.166804313659668.
vid num: 63

Generating for augmented_data/anomaly/Sneak3_bright3.mp4
Preprocessing done..
batchsize 20
Obtained features of size:  (21, 10, 2048)
done in 21.858296394348145.
vid num: 64

Generating for augmented_data/anomaly/PackageTheft1_flip_h.mp4
Preprocessing done..
batchsize 20
Obtained features of size:  (28, 10, 2048)
done in 25.155715703964233.
vid num: 65

Generating for augmented_data/anomaly/theft1_bright2.mp4
Preprocessing done..
batchsize 20
Obtained features of size:  (32, 10, 2048)
done in 30.554675102233887.
vid num: 66

Generating for augmented_data/anomaly/Armed3_flip_v.mp4
Preprocessing done..
batchsize 20
Obtained features of size:  (30, 10, 2048)
done in 27.46228814125061.
vid num: 67

Generating for augmented_data/anomaly/StayLong4_flip_h.mp4
Preprocessing done..
batchsize 20
Obtained features of size:  (25, 10, 2048)
done in 19.183162212371826.
vid num: 68

Generating for augmented_data/anomaly/Sneak3_flip_v.mp4
Preprocessing done..
batchsize 20
Obtained features of size:  (21, 10, 2048)
done in 18.82443404197693.
vid num: 69

Generating for augmented_data/anomaly/PackageTheft2_flip_v.mp4
Preprocessing done..
batchsize 20
Obtained features of size:  (22, 10, 2048)
done in 18.803391933441162.
vid num: 70

Generating for augmented_data/anomaly/Armed3_bright1.mp4
Preprocessing done..
batchsize 20
Obtained features of size:  (30, 10, 2048)
done in 26.493375062942505.
vid num: 71

Generating for augmented_data/anomaly/SuspiciousRun3_bright3.mp4
Preprocessing done..
batchsize 20
Obtained features of size:  (10, 10, 2048)
done in 10.517803192138672.
vid num: 72

Generating for augmented_data/anomaly/SuspiciousRun4_bright1.mp4
Preprocessing done..
batchsize 20
Obtained features of size:  (25, 10, 2048)
done in 22.711090564727783.
vid num: 73

Generating for augmented_data/anomaly/PackageTheft5_bright2.mp4
Preprocessing done..
batchsize 20
Obtained features of size:  (19, 10, 2048)
done in 16.48961353302002.
vid num: 74

Generating for augmented_data/anomaly/Armed4_bright3.mp4
Preprocessing done..
batchsize 20
Obtained features of size:  (21, 10, 2048)
done in 20.73831558227539.
vid num: 75

Generating for augmented_data/anomaly/StayLong4_bright2.mp4
Preprocessing done..
batchsize 20
Obtained features of size:  (25, 10, 2048)
done in 19.85205912590027.
vid num: 76

Generating for augmented_data/anomaly/PackageTheft1_bright3.mp4
Preprocessing done..
batchsize 20
Obtained features of size:  (28, 10, 2048)
done in 27.363765716552734.
vid num: 77

Generating for augmented_data/anomaly/SuspiciousRun5_flip_h.mp4
Preprocessing done..
batchsize 20
Obtained features of size:  (28, 10, 2048)
done in 25.442723035812378.
vid num: 78

Generating for augmented_data/anomaly/Sneak4_bright1.mp4
Preprocessing done..
batchsize 20
Obtained features of size:  (18, 10, 2048)
done in 19.079143524169922.
vid num: 79

Generating for augmented_data/anomaly/SuspiciousRun6_flip_v.mp4
Preprocessing done..
batchsize 20
Obtained features of size:  (22, 10, 2048)
done in 17.97195267677307.
vid num: 80

Generating for augmented_data/anomaly/StayLong5_bright1.mp4
Preprocessing done..
batchsize 20
Obtained features of size:  (30, 10, 2048)
done in 23.47800087928772.
vid num: 81

Generating for augmented_data/anomaly/Armed1_bright1.mp4
Preprocessing done..
batchsize 20
Obtained features of size:  (22, 10, 2048)
done in 18.781976461410522.
vid num: 82

Generating for augmented_data/anomaly/Sneak5_bright2.mp4
Preprocessing done..
batchsize 20
Obtained features of size:  (10, 10, 2048)
done in 10.914741277694702.
vid num: 83

Generating for augmented_data/anomaly/SuspiciousRun5_bright2.mp4
Preprocessing done..
batchsize 20
Obtained features of size:  (28, 10, 2048)
done in 26.957256317138672.
vid num: 84

Generating for augmented_data/anomaly/Sneak1_bright3.mp4
Preprocessing done..
batchsize 20
Obtained features of size:  (15, 10, 2048)
done in 15.530882835388184.
vid num: 85

Generating for augmented_data/anomaly/SuspiciousRun2_flip_h.mp4
Preprocessing done..
batchsize 20
Obtained features of size:  (13, 10, 2048)
done in 12.05968976020813.
vid num: 86

Generating for augmented_data/anomaly/PackageTheft4_bright1.mp4
Preprocessing done..
batchsize 20
Obtained features of size:  (16, 10, 2048)
done in 14.735539436340332.
vid num: 87

Generating for augmented_data/anomaly/StayLong3_flip_h.mp4
Preprocessing done..
batchsize 20
Obtained features of size:  (25, 10, 2048)
done in 23.28599786758423.
vid num: 88

Generating for augmented_data/anomaly/Armed4_flip_v.mp4
Preprocessing done..
batchsize 20
Obtained features of size:  (21, 10, 2048)
done in 20.534910202026367.
vid num: 89

Generating for augmented_data/anomaly/PackageTheft5_flip_v.mp4
Preprocessing done..
batchsize 20
Obtained features of size:  (19, 10, 2048)
done in 15.248964548110962.
vid num: 90

Generating for augmented_data/anomaly/Sneak4_flip_v.mp4
Preprocessing done..
batchsize 20
Obtained features of size:  (18, 10, 2048)
done in 16.609590530395508.
vid num: 91

Generating for augmented_data/anomaly/SuspiciousRun6_bright1.mp4
Preprocessing done..
batchsize 20
Obtained features of size:  (22, 10, 2048)
done in 18.337024211883545.
vid num: 92

Generating for augmented_data/anomaly/Armed6_bright3.mp4
Preprocessing done..
batchsize 20
Obtained features of size:  (25, 10, 2048)
done in 23.86725950241089.
vid num: 93

Generating for augmented_data/anomaly/StayLong2_bright3.mp4
Preprocessing done..
batchsize 20
Obtained features of size:  (30, 10, 2048)
done in 29.00424838066101.
vid num: 94

Generating for augmented_data/anomaly/PackageTheft7_bright2.mp4
Preprocessing done..
batchsize 20
Obtained features of size:  (20, 10, 2048)
done in 18.38072395324707.
vid num: 95

Generating for augmented_data/anomaly/StayLong4_bright3.mp4
Preprocessing done..
batchsize 20
Obtained features of size:  (25, 10, 2048)
done in 21.792903900146484.
vid num: 96

Generating for augmented_data/anomaly/PackageTheft1_bright2.mp4
Preprocessing done..
batchsize 20
Obtained features of size:  (28, 10, 2048)
done in 27.55006170272827.
vid num: 97

Generating for augmented_data/anomaly/Armed1_flip_v.mp4
Preprocessing done..
batchsize 20
Obtained features of size:  (22, 10, 2048)
done in 18.574212551116943.
vid num: 98

Generating for augmented_data/anomaly/PackageTheft5_bright3.mp4
Preprocessing done..
batchsize 20
Obtained features of size:  (19, 10, 2048)
done in 16.498958110809326.
vid num: 99

Generating for augmented_data/anomaly/Armed4_bright2.mp4
Preprocessing done..
batchsize 20
Obtained features of size:  (21, 10, 2048)
done in 21.413487434387207.
vid num: 100

Generating for augmented_data/anomaly/Sneak1_flip_v.mp4
Preprocessing done..
batchsize 20
Obtained features of size:  (15, 10, 2048)
done in 15.29871129989624.
vid num: 101

Generating for augmented_data/anomaly/StayLong5_flip_v.mp4
Preprocessing done..
batchsize 20
Obtained features of size:  (30, 10, 2048)
done in 24.335675477981567.
vid num: 102

Generating for augmented_data/anomaly/SuspiciousRun3_bright2.mp4
Preprocessing done..
batchsize 20
Obtained features of size:  (10, 10, 2048)
done in 10.103530168533325.
vid num: 103

Generating for augmented_data/anomaly/theft1_flip_v.mp4
Preprocessing done..
batchsize 20
Obtained features of size:  (32, 10, 2048)
done in 28.982858896255493.
vid num: 104

Generating for augmented_data/anomaly/PackageTheft2_bright1.mp4
Preprocessing done..
batchsize 20
Obtained features of size:  (22, 10, 2048)
done in 18.345327615737915.
vid num: 105

Generating for augmented_data/anomaly/SuspiciousRun4_flip_v.mp4
Preprocessing done..
batchsize 20
Obtained features of size:  (25, 10, 2048)
done in 22.813582181930542.
vid num: 106

Generating for augmented_data/anomaly/StayLong3_bright1.mp4
Preprocessing done..
batchsize 20
Obtained features of size:  (25, 10, 2048)
done in 22.832656145095825.
vid num: 107

Generating for augmented_data/anomaly/Sneak3_bright2.mp4
Preprocessing done..
batchsize 20
Obtained features of size:  (21, 10, 2048)
done in 22.381242275238037.
vid num: 108

Generating for augmented_data/anomaly/theft1_bright3.mp4
Preprocessing done..
batchsize 20
Obtained features of size:  (32, 10, 2048)
done in 31.714916467666626.
vid num: 109

Generating for augmented_data/anomaly/StayLong2_bright2.mp4
Preprocessing done..
batchsize 20
Obtained features of size:  (30, 10, 2048)
done in 29.464258193969727.
vid num: 110

Generating for augmented_data/anomaly/Armed6_bright2.mp4
Preprocessing done..
batchsize 20
Obtained features of size:  (25, 10, 2048)
done in 24.17490291595459.
vid num: 111

Generating for augmented_data/anomaly/PackageTheft7_bright3.mp4
Preprocessing done..
batchsize 20
Obtained features of size:  (20, 10, 2048)
done in 19.436875104904175.
vid num: 112

Generating for augmented_data/anomaly/SuspiciousRun3_flip_v.mp4
Preprocessing done..
batchsize 20
Obtained features of size:  (10, 10, 2048)
done in 9.756834745407104.
vid num: 113

Generating for augmented_data/anomaly/SuspiciousRun2_bright1.mp4
Preprocessing done..
batchsize 20
Obtained features of size:  (13, 10, 2048)
done in 11.853944540023804.
vid num: 114

Generating for augmented_data/anomaly/Armed5_bright1.mp4
Preprocessing done..
batchsize 20
Obtained features of size:  (30, 10, 2048)
done in 24.657958030700684.
vid num: 115

Generating for augmented_data/anomaly/StayLong1_bright1.mp4
Preprocessing done..
batchsize 20
Obtained features of size:  (28, 10, 2048)
done in 25.179625511169434.
vid num: 116

Generating for augmented_data/anomaly/SuspiciousRun5_bright3.mp4
Preprocessing done..
batchsize 20
Obtained features of size:  (28, 10, 2048)
done in 27.60151696205139.
vid num: 117

Generating for augmented_data/anomaly/Sneak1_bright2.mp4
Preprocessing done..
batchsize 20
Obtained features of size:  (15, 10, 2048)
done in 15.353299856185913.
vid num: 118

Generating for augmented_data/anomaly/PackageTheft4_flip_h.mp4
Preprocessing done..
batchsize 20
Obtained features of size:  (16, 10, 2048)
done in 15.775519371032715.
vid num: 119

Generating for augmented_data/anomaly/Sneak5_flip_h.mp4
Preprocessing done..
batchsize 20
Obtained features of size:  (10, 10, 2048)
done in 9.900570631027222.
vid num: 120

Generating for augmented_data/anomaly/Armed6_flip_v.mp4
Preprocessing done..
batchsize 20
Obtained features of size:  (25, 10, 2048)
done in 23.579752683639526.
vid num: 121

Generating for augmented_data/anomaly/StayLong1_flip_h.mp4
Preprocessing done..
batchsize 20
Obtained features of size:  (28, 10, 2048)
done in 25.411369562149048.
vid num: 122

Generating for augmented_data/anomaly/Sneak5_bright3.mp4
Preprocessing done..
batchsize 20
Obtained features of size:  (10, 10, 2048)
done in 11.11286973953247.
vid num: 123

Generating for augmented_data/anomaly/StayLong2_flip_v.mp4
Preprocessing done..
batchsize 20
Obtained features of size:  (30, 10, 2048)
done in 27.83236813545227.
vid num: 124

Generating for augmented_data/anomaly/Armed5_flip_h.mp4
Preprocessing done..
batchsize 20
Obtained features of size:  (30, 10, 2048)
done in 23.03598952293396.
vid num: 125

Generating for augmented_data/anomaly/PackageTheft7_flip_v.mp4
Preprocessing done..
batchsize 20
Obtained features of size:  (20, 10, 2048)
done in 18.501644611358643.
End
