
Due to MODULEPATH changes, the following have been reloaded:
  1) libfabric/1.10.1     2) openmpi/4.0.3     3) ucx/1.8.0

Extract Features
Received Pretrained model..
vid num: 1

Generating for train/anomaly/SuspiciousRun6.mp4
Preprocessing done..
batchsize 20
Obtained features of size:  (22, 10, 2048)
done in 20.50134038925171.
vid num: 2

Generating for train/anomaly/Armed5.mp4
Preprocessing done..
batchsize 20
Obtained features of size:  (30, 10, 2048)
done in 25.666089296340942.
vid num: 3

Generating for train/anomaly/StayLong3.mp4
Preprocessing done..
batchsize 20
Obtained features of size:  (25, 10, 2048)
done in 25.126969575881958.
vid num: 4

Generating for train/anomaly/StayLong4.mp4
Preprocessing done..
batchsize 20
Obtained features of size:  (25, 10, 2048)
done in 21.950963258743286.
vid num: 5

Generating for train/anomaly/PackageTheft4.mp4
Preprocessing done..
batchsize 20
Obtained features of size:  (16, 10, 2048)
done in 16.123955726623535.
vid num: 6

Generating for train/anomaly/Sneak4.mp4
Preprocessing done..
batchsize 20
Obtained features of size:  (18, 10, 2048)
done in 17.716753244400024.
vid num: 7

Generating for train/anomaly/Sneak3.mp4
Preprocessing done..
batchsize 20
Obtained features of size:  (21, 10, 2048)
done in 21.36099410057068.
vid num: 8

Generating for train/anomaly/PackageTheft5.mp4
Preprocessing done..
batchsize 20
Obtained features of size:  (19, 10, 2048)
done in 17.440428018569946.
vid num: 9

Generating for train/anomaly/PackageTheft2.mp4
Preprocessing done..
batchsize 20
Obtained features of size:  (22, 10, 2048)
done in 20.48884129524231.
vid num: 10

Generating for train/anomaly/StayLong5.mp4
Preprocessing done..
batchsize 20
Obtained features of size:  (30, 10, 2048)
done in 26.261492013931274.
vid num: 11

Generating for train/anomaly/Armed3.mp4
Preprocessing done..
batchsize 20
Obtained features of size:  (30, 10, 2048)
done in 28.84942865371704.
vid num: 12

Generating for train/anomaly/StayLong2.mp4
Preprocessing done..
batchsize 20
Obtained features of size:  (30, 10, 2048)
done in 30.58585262298584.
vid num: 13

Generating for train/anomaly/Armed4.mp4
Preprocessing done..
batchsize 20
Obtained features of size:  (21, 10, 2048)
done in 22.08440089225769.
vid num: 14

Generating for train/anomaly/Sneak5.mp4
Preprocessing done..
batchsize 20
Obtained features of size:  (10, 10, 2048)
done in 10.83988332748413.
vid num: 15

Generating for train/anomaly/Sneak1.mp4
Preprocessing done..
batchsize 20
Obtained features of size:  (15, 10, 2048)
done in 15.91042160987854.
vid num: 16

Generating for train/anomaly/PackageTheft1.mp4
Preprocessing done..
batchsize 20
Obtained features of size:  (28, 10, 2048)
done in 32.12266778945923.
vid num: 17

Generating for train/anomaly/StayLong1.mp4
Preprocessing done..
batchsize 20
Obtained features of size:  (28, 10, 2048)
done in 31.06922936439514.
vid num: 18

Generating for train/anomaly/SuspiciousRun4.mp4
Preprocessing done..
batchsize 20
Obtained features of size:  (25, 10, 2048)
done in 24.879100799560547.
vid num: 19

Generating for train/anomaly/SuspiciousRun3.mp4
Preprocessing done..
batchsize 20
Obtained features of size:  (10, 10, 2048)
done in 10.574791669845581.
vid num: 20

Generating for train/anomaly/SuspiciousRun2.mp4
Preprocessing done..
batchsize 20
Obtained features of size:  (13, 10, 2048)
done in 13.34015440940857.
vid num: 21

Generating for train/anomaly/SuspiciousRun5.mp4
Preprocessing done..
batchsize 20
Obtained features of size:  (28, 10, 2048)
done in 30.2590491771698.
vid num: 22

Generating for train/anomaly/Armed1.mp4
Preprocessing done..
batchsize 20
Obtained features of size:  (22, 10, 2048)
done in 22.513120651245117.
vid num: 23

Generating for train/anomaly/Armed6.mp4
Preprocessing done..
batchsize 20
Obtained features of size:  (25, 10, 2048)
done in 25.72270941734314.
vid num: 24

Generating for train/anomaly/PackageTheft7.mp4
Preprocessing done..
batchsize 20
Obtained features of size:  (21, 10, 2048)
done in 20.6347439289093.
vid num: 25

Generating for train/anomaly/theft1.mp4
Preprocessing done..
batchsize 20
Obtained features of size:  (34, 10, 2048)
done in 33.67756485939026.
End
